<?xml version="1.0" encoding="UTF-8"?>
<!-- Generated by org.testng.reporters.JUnitReportReporter -->
<testsuite skipped="0" hostname="Muthukumar" name="Test.com.muthuAltimetrik.TestCaseOne" tests="3" failures="0" timestamp="17 Jul 2020 14:20:34 GMT" time="41.981" errors="0">
  <testcase name="TestCaseOne" time="29.274" classname="Test.com.muthuAltimetrik.TestCaseOne"/>
  <testcase name="TestCaseTwo" time="0.604" classname="Test.com.muthuAltimetrik.TestCaseOne"/>
  <testcase name="TestCaseThree" time="12.103" classname="Test.com.muthuAltimetrik.TestCaseOne"/>
</testsuite> <!-- Test.com.muthuAltimetrik.TestCaseOne -->
