<?xml version="1.0" encoding="UTF-8"?>
<!-- Generated by org.testng.reporters.JUnitReportReporter -->
<testsuite skipped="0" hostname="Muthukumar" name="Test.com.muthuAltimetrik.TestCaseOne" tests="1" failures="0" timestamp="27 Apr 2020 14:20:26 GMT" time="18.247" errors="0">
  <testcase name="TestCaseOne" time="18.247" classname="Test.com.muthuAltimetrik.TestCaseOne"/>
</testsuite> <!-- Test.com.muthuAltimetrik.TestCaseOne -->
