<?xml version="1.0" encoding="UTF-8"?>
<!-- Generated by org.testng.reporters.JUnitReportReporter -->
<testsuite skipped="0" hostname="Muthukumar" name="Test.com.muthuAltimetrik.TestCaseOne" tests="3" failures="0" timestamp="17 Jul 2020 14:23:59 GMT" time="47.983" errors="0">
  <testcase name="TestCaseOne" time="35.039" classname="Test.com.muthuAltimetrik.TestCaseOne"/>
  <testcase name="TestCaseTwo" time="0.764" classname="Test.com.muthuAltimetrik.TestCaseOne"/>
  <testcase name="TestCaseThree" time="12.180" classname="Test.com.muthuAltimetrik.TestCaseOne"/>
</testsuite> <!-- Test.com.muthuAltimetrik.TestCaseOne -->
