<?xml version="1.0" encoding="UTF-8"?>
<!-- Generated by org.testng.reporters.JUnitReportReporter -->
<testsuite skipped="0" hostname="Muthukumar" name="Test.com.muthuAltimetrik.TestCaseTwo" tests="1" failures="0" timestamp="17 Jul 2020 14:23:59 GMT" time="10.721" errors="0">
  <testcase name="Books" time="10.721" classname="Test.com.muthuAltimetrik.TestCaseTwo"/>
</testsuite> <!-- Test.com.muthuAltimetrik.TestCaseTwo -->
