<?xml version="1.0" encoding="UTF-8"?>
<!-- Generated by org.testng.reporters.JUnitReportReporter -->
<testsuite skipped="0" hostname="Muthukumar" name="Test.com.muthuAltimetrik.TestCaseTwo" tests="1" failures="0" timestamp="18 Jul 2020 06:01:32 GMT" time="5.668" errors="0">
  <testcase name="Books" time="5.668" classname="Test.com.muthuAltimetrik.TestCaseTwo"/>
</testsuite> <!-- Test.com.muthuAltimetrik.TestCaseTwo -->
