<?xml version="1.0" encoding="UTF-8"?>
<!-- Generated by org.testng.reporters.JUnitReportReporter -->
<testsuite skipped="1" hostname="Muthukumar" name="Test.com.muthuAltimetrik.TestCaseOne" tests="3" failures="0" timestamp="18 Jul 2020 06:01:32 GMT" time="31.797" errors="0">
  <testcase name="TestCaseOne" time="31.261" classname="Test.com.muthuAltimetrik.TestCaseOne"/>
  <testcase name="TestCaseTwo" time="0.536" classname="Test.com.muthuAltimetrik.TestCaseOne"/>
  <testcase name="TestCaseThree" classname="Test.com.muthuAltimetrik.TestCaseOne">
    <skipped/>
  </testcase> <!-- TestCaseThree -->
</testsuite> <!-- Test.com.muthuAltimetrik.TestCaseOne -->
